Device: cuda
05/05 05:36:19 PM Args = Namespace(arch='1 2 1 3 1 5 1 5 3 3 2 4 3 2 3 4 2 4 1 4', autoaugment=False, batch_size=8, ckpt=None, continue_training=False, crop_size=768, crop_val=False, cutout_size=None, data_root='/home/student/workspace_Yufei/CityScapes/NAO_Cityscapes', dataset='cityscapes', double_down_channel=False, download=False, drop_path_keep_prob=None, enable_vis=False, gpu_id='0,1', grad_bound=5.0, iterations=20000, l2_reg=0.0005, layers=5, loss_type='cross_entropy', lr=0.1, lr_policy='poly', lr_schedule_power=0.9, mode='train', model='deeplabv3plus_resnet50', nodes=5, num_classes=19, output_dir='exp/NAO_deeplabv3plus_cityscapes', output_stride=8, print_interval=10, random_seed=1, save=True, save_val_results=False, search_space='with_mor_ops', seed=0, separable_conv=False, step_size=10000, test_only=False, total_itrs=30000.0, val_batch_size=4, val_interval=100, val_per_iter=10000, vis_env='main', vis_num_samples=8, vis_port='13570', weight_decay=0.0001, year='2012')
Dataset: cityscapes, Train set: 2975, Val set: 500
05/05 05:36:20 PM param size = 44.484275MB
05/05 05:36:20 PM [!] Retrain
Epoch 1, Itrs 10/30000, Loss=1.515558
Epoch 1, Itrs 20/30000, Loss=0.989714
Epoch 1, Itrs 30/30000, Loss=0.891689
Epoch 1, Itrs 40/30000, Loss=0.895379
Epoch 1, Itrs 50/30000, Loss=1.003663
Epoch 1, Itrs 60/30000, Loss=0.740334
Epoch 1, Itrs 70/30000, Loss=0.702851
Epoch 1, Itrs 80/30000, Loss=0.766638
Epoch 1, Itrs 90/30000, Loss=0.854651
Epoch 1, Itrs 100/30000, Loss=0.724597
Model saved as checkpoints/latest_deeplabv3plus_resnet50_cityscapes_os8.pth
validation...
05/05 05:39:00 PM  MIOU: 0.232700 loss: 6.842882e-01

Overall Acc: 0.821119
Mean Acc: 0.278895
FreqW Acc: 0.693768
Mean IoU: 0.232700

Model saved as checkpoints/best_deeplabv3plus_resnet50_cityscapes_os8.pth
Epoch 1, Itrs 110/30000, Loss=0.586182
Epoch 1, Itrs 120/30000, Loss=0.632113
Epoch 1, Itrs 130/30000, Loss=0.600130
Epoch 1, Itrs 140/30000, Loss=0.588805
Epoch 1, Itrs 150/30000, Loss=0.448213
Epoch 1, Itrs 160/30000, Loss=0.490969
Epoch 1, Itrs 170/30000, Loss=0.514295
Epoch 1, Itrs 180/30000, Loss=0.573188
Epoch 1, Itrs 190/30000, Loss=0.456665
Epoch 1, Itrs 200/30000, Loss=0.436197
Model saved as checkpoints/latest_deeplabv3plus_resnet50_cityscapes_os8.pth
validation...
05/05 05:41:23 PM  MIOU: 0.278290 loss: 5.793126e-01

Overall Acc: 0.829496
Mean Acc: 0.345507
FreqW Acc: 0.720407
Mean IoU: 0.278290

Model saved as checkpoints/best_deeplabv3plus_resnet50_cityscapes_os8.pth
Epoch 1, Itrs 210/30000, Loss=0.443600
Epoch 1, Itrs 220/30000, Loss=0.416252
Epoch 1, Itrs 230/30000, Loss=0.423317
Epoch 1, Itrs 240/30000, Loss=0.374079
Epoch 1, Itrs 250/30000, Loss=0.400585
Epoch 1, Itrs 260/30000, Loss=0.415761
Epoch 1, Itrs 270/30000, Loss=0.405193
Epoch 1, Itrs 280/30000, Loss=0.439722
Epoch 1, Itrs 290/30000, Loss=0.395534
Epoch 1, Itrs 300/30000, Loss=0.439519
Model saved as checkpoints/latest_deeplabv3plus_resnet50_cityscapes_os8.pth
validation...
